#
# There is insufficient memory for the Java Runtime Environment to continue.
# Native memory allocation (mmap) failed to map 335544320 bytes for G1 virtual space
# Possible reasons:
#   The system is out of physical RAM or swap space
#   The process is running with CompressedOops enabled, and the Java Heap may be blocking the growth of the native heap
# Possible solutions:
#   Reduce memory load on the system
#   Increase physical memory or swap space
#   Check if swap backing store is full
#   Decrease Java heap size (-Xmx/-Xms)
#   Decrease number of Java threads
#   Decrease Java thread stack sizes (-Xss)
#   Set larger code cache with -XX:ReservedCodeCacheSize=
#   JVM is running with Zero Based Compressed Oops mode in which the Java heap is
#     placed in the first 32GB address space. The Java Heap base address is the
#     maximum limit for the native heap growth. Please use -XX:HeapBaseMinAddress
#     to set the Java Heap base and to place the Java Heap above 32GB virtual address.
# This output file may be truncated or incomplete.
#
#  Out of Memory Error (os_windows.cpp:3613), pid=20428, tid=8164
#
# JRE version:  (17.0.9+9) (build )
# Java VM: OpenJDK 64-Bit Server VM (17.0.9+9, mixed mode, sharing, tiered, compressed oops, compressed class ptrs, g1 gc, windows-amd64)
# No core dump will be written. Minidumps are not enabled by default on client versions of Windows
#

---------------  S U M M A R Y ------------

Command Line: -Dfile.encoding=UTF-8 -Dstdout.encoding=UTF-8 -Dstderr.encoding=UTF-8 --module-path=C:\Users\usiva\eclipse-workspace\JavaLearnings\bin -XX:+ShowCodeDetailsInExceptionMessages -Djdk.module.main=JavaLearnings JavaLearnings/com.java.collections.ArrayListExample

Host: 11th Gen Intel(R) Core(TM) i5-1135G7 @ 2.40GHz, 8 cores, 19G,  Windows 11 , 64 bit Build 22621 (10.0.22621.3527)
Time: Mon May 27 20:53:15 2024 Eastern Daylight Time elapsed time: 0.015504 seconds (0d 0h 0m 0s)

---------------  T H R E A D  ---------------

Current thread (0x0000014c7e2e9460):  JavaThread "Unknown thread" [_thread_in_vm, id=8164, stack(0x00000029ef200000,0x00000029ef300000)]

Stack: [0x00000029ef200000,0x00000029ef300000]
Native frames: (J=compiled Java code, j=interpreted, Vv=VM code, C=native code)
V  [jvm.dll+0x67cf49]
V  [jvm.dll+0x83478a]
V  [jvm.dll+0x83624e]
V  [jvm.dll+0x8368b3]
V  [jvm.dll+0x247f1f]
V  [jvm.dll+0x679d69]
V  [jvm.dll+0x66e6ba]
V  [jvm.dll+0x307e5b]
V  [jvm.dll+0x30f306]
V  [jvm.dll+0x35f0ce]
V  [jvm.dll+0x35f2ff]
V  [jvm.dll+0x2dea58]
V  [jvm.dll+0x2df9c4]
V  [jvm.dll+0x806031]
V  [jvm.dll+0x36cf31]
V  [jvm.dll+0x7e4aac]
V  [jvm.dll+0x3f07af]
V  [jvm.dll+0x3f23e1]
C  [jli.dll+0x528f]
C  [ucrtbase.dll+0x29333]
C  [KERNEL32.DLL+0x1257d]
C  [ntdll.dll+0x5aa48]


---------------  P R O C E S S  ---------------

Threads class SMR info:
_java_thread_list=0x00007ff9f261ee98, length=0, elements={
}

Java Threads: ( => current thread )

Other Threads:
  0x0000014c7e364460 GCTaskThread "GC Thread#0" [stack: 0x00000029ef300000,0x00000029ef400000] [id=16676]
  0x0000014c7e36f200 ConcurrentGCThread "G1 Main Marker" [stack: 0x00000029ef400000,0x00000029ef500000] [id=20796]
  0x0000014c7e36fc20 ConcurrentGCThread "G1 Conc#0" [stack: 0x00000029ef500000,0x00000029ef600000] [id=21296]

[error occurred during error reporting (printing all threads), id 0xc0000005, EXCEPTION_ACCESS_VIOLATION (0xc0000005) at pc=0x00007ff9f1ddf497]

VM state: not at safepoint (not fully initialized)

VM Mutex/Monitor currently owned by a thread:  ([mutex/lock_event])
[0x0000014c7e23b7b0] Heap_lock - owner thread: 0x0000014c7e2e9460

Heap address: 0x00000006c3400000, size: 5068 MB, Compressed Oops mode: Zero based, Oop shift amount: 3

CDS archive(s) mapped at: [0x0000000000000000-0x0000000000000000-0x0000000000000000), size 0, SharedBaseAddress: 0x0000000800000000, ArchiveRelocationMode: 1.
Narrow klass base: 0x0000000000000000, Narrow klass shift: 0, Narrow klass range: 0x0

GC Precious Log:
<Empty>

Heap:
 garbage-first heap   total 0K, used 0K [0x00000006c3400000, 0x0000000800000000)
  region size 4096K, 0 young (0K), 0 survivors (0K)

[error occurred during error reporting (printing heap information), id 0xc0000005, EXCEPTION_ACCESS_VIOLATION (0xc0000005) at pc=0x00007ff9f21c6c79]

GC Heap History (0 events):
No events

Dll operation events (1 events):
Event: 0.008 Loaded shared library C:\Users\usiva\.p2\pool\plugins\org.eclipse.justj.openjdk.hotspot.jre.full.win32.x86_64_17.0.9.v20231028-0858\jre\bin\java.dll

Deoptimization events (0 events):
No events

Classes unloaded (0 events):
No events

Classes redefined (0 events):
No events

Internal exceptions (0 events):
No events

VM Operations (0 events):
No events

Events (0 events):
No events


Dynamic libraries:
0x00007ff6c7e40000 - 0x00007ff6c7e4e000 	C:\Users\usiva\.p2\pool\plugins\org.eclipse.justj.openjdk.hotspot.jre.full.win32.x86_64_17.0.9.v20231028-0858\jre\bin\javaw.exe
0x00007ffac11b0000 - 0x00007ffac13c7000 	C:\Windows\SYSTEM32\ntdll.dll
0x00007ffabf870000 - 0x00007ffabf934000 	C:\Windows\System32\KERNEL32.DLL
0x00007ffabe8a0000 - 0x00007ffabec47000 	C:\Windows\System32\KERNELBASE.dll
0x00007ffabec50000 - 0x00007ffabed61000 	C:\Windows\System32\ucrtbase.dll
0x00007ffaac9b0000 - 0x00007ffaac9c7000 	C:\Users\usiva\.p2\pool\plugins\org.eclipse.justj.openjdk.hotspot.jre.full.win32.x86_64_17.0.9.v20231028-0858\jre\bin\jli.dll
0x00007ffaaad30000 - 0x00007ffaaad4b000 	C:\Users\usiva\.p2\pool\plugins\org.eclipse.justj.openjdk.hotspot.jre.full.win32.x86_64_17.0.9.v20231028-0858\jre\bin\VCRUNTIME140.dll
0x00007ffac0d60000 - 0x00007ffac0f0e000 	C:\Windows\System32\USER32.dll
0x00007ffabee10000 - 0x00007ffabee36000 	C:\Windows\System32\win32u.dll
0x00007ffaa8100000 - 0x00007ffaa8393000 	C:\Windows\WinSxS\amd64_microsoft.windows.common-controls_6595b64144ccf1df_6.0.22621.3527_none_270e469b73872a76\COMCTL32.dll
0x00007ffabf770000 - 0x00007ffabf799000 	C:\Windows\System32\GDI32.dll
0x00007ffabe4d0000 - 0x00007ffabe5e9000 	C:\Windows\System32\gdi32full.dll
0x00007ffabed70000 - 0x00007ffabee0a000 	C:\Windows\System32\msvcp_win.dll
0x00007ffac0410000 - 0x00007ffac04b7000 	C:\Windows\System32\msvcrt.dll
0x00007ffac0d20000 - 0x00007ffac0d51000 	C:\Windows\System32\IMM32.DLL
0x00007ffab9350000 - 0x00007ffab935c000 	C:\Users\usiva\.p2\pool\plugins\org.eclipse.justj.openjdk.hotspot.jre.full.win32.x86_64_17.0.9.v20231028-0858\jre\bin\vcruntime140_1.dll
0x00007ffa93330000 - 0x00007ffa933bd000 	C:\Users\usiva\.p2\pool\plugins\org.eclipse.justj.openjdk.hotspot.jre.full.win32.x86_64_17.0.9.v20231028-0858\jre\bin\msvcp140.dll
0x00007ff9f1af0000 - 0x00007ff9f2751000 	C:\Users\usiva\.p2\pool\plugins\org.eclipse.justj.openjdk.hotspot.jre.full.win32.x86_64_17.0.9.v20231028-0858\jre\bin\server\jvm.dll
0x00007ffabf150000 - 0x00007ffabf202000 	C:\Windows\System32\ADVAPI32.dll
0x00007ffabf0a0000 - 0x00007ffabf148000 	C:\Windows\System32\sechost.dll
0x00007ffabeeb0000 - 0x00007ffabeed8000 	C:\Windows\System32\bcrypt.dll
0x00007ffac0230000 - 0x00007ffac0345000 	C:\Windows\System32\RPCRT4.dll
0x00007ffabe1e0000 - 0x00007ffabe22d000 	C:\Windows\SYSTEM32\POWRPROF.dll
0x00007ffaa04e0000 - 0x00007ffaa04e9000 	C:\Windows\SYSTEM32\WSOCK32.dll
0x00007ffab5390000 - 0x00007ffab53c4000 	C:\Windows\SYSTEM32\WINMM.dll
0x00007ffabf7a0000 - 0x00007ffabf811000 	C:\Windows\System32\WS2_32.dll
0x00007ffab4560000 - 0x00007ffab456a000 	C:\Windows\SYSTEM32\VERSION.dll
0x00007ffabe1c0000 - 0x00007ffabe1d3000 	C:\Windows\SYSTEM32\UMPDC.dll
0x00007ffabd4b0000 - 0x00007ffabd4c8000 	C:\Windows\SYSTEM32\kernel.appcore.dll
0x00007ffab9870000 - 0x00007ffab987a000 	C:\Users\usiva\.p2\pool\plugins\org.eclipse.justj.openjdk.hotspot.jre.full.win32.x86_64_17.0.9.v20231028-0858\jre\bin\jimage.dll
0x00007ffabbcd0000 - 0x00007ffabbf02000 	C:\Windows\SYSTEM32\DBGHELP.DLL
0x00007ffac0810000 - 0x00007ffac0b98000 	C:\Windows\System32\combase.dll
0x00007ffabf210000 - 0x00007ffabf2e7000 	C:\Windows\System32\OLEAUT32.dll
0x00007ffaa10f0000 - 0x00007ffaa1122000 	C:\Windows\SYSTEM32\dbgcore.DLL
0x00007ffabe6b0000 - 0x00007ffabe729000 	C:\Windows\System32\bcryptPrimitives.dll
0x00007ffaaa420000 - 0x00007ffaaa445000 	C:\Users\usiva\.p2\pool\plugins\org.eclipse.justj.openjdk.hotspot.jre.full.win32.x86_64_17.0.9.v20231028-0858\jre\bin\java.dll

dbghelp: loaded successfully - version: 4.0.5 - missing functions: none
symbol engine: initialized successfully - sym options: 0x614 - pdb path: .;C:\Users\usiva\.p2\pool\plugins\org.eclipse.justj.openjdk.hotspot.jre.full.win32.x86_64_17.0.9.v20231028-0858\jre\bin;C:\Windows\SYSTEM32;C:\Windows\WinSxS\amd64_microsoft.windows.common-controls_6595b64144ccf1df_6.0.22621.3527_none_270e469b73872a76;C:\Users\usiva\.p2\pool\plugins\org.eclipse.justj.openjdk.hotspot.jre.full.win32.x86_64_17.0.9.v20231028-0858\jre\bin\server

VM Arguments:
jvm_args: -Dfile.encoding=UTF-8 -Dstdout.encoding=UTF-8 -Dstderr.encoding=UTF-8 --module-path=C:\Users\usiva\eclipse-workspace\JavaLearnings\bin -XX:+ShowCodeDetailsInExceptionMessages -Djdk.module.main=JavaLearnings 
java_command: JavaLearnings/com.java.collections.ArrayListExample
java_class_path (initial): <not set>
Launcher Type: SUN_STANDARD

[Global flags]
     intx CICompilerCount                          = 4                                         {product} {ergonomic}
     uint ConcGCThreads                            = 2                                         {product} {ergonomic}
     uint G1ConcRefinementThreads                  = 8                                         {product} {ergonomic}
   size_t G1HeapRegionSize                         = 4194304                                   {product} {ergonomic}
    uintx GCDrainStackTargetSize                   = 64                                        {product} {ergonomic}
   size_t InitialHeapSize                          = 335544320                                 {product} {ergonomic}
   size_t MarkStackSize                            = 4194304                                   {product} {ergonomic}
   size_t MaxHeapSize                              = 5314183168                                {product} {ergonomic}
   size_t MinHeapDeltaBytes                        = 4194304                                   {product} {ergonomic}
   size_t MinHeapSize                              = 8388608                                   {product} {ergonomic}
    uintx NonNMethodCodeHeapSize                   = 5839372                                {pd product} {ergonomic}
    uintx NonProfiledCodeHeapSize                  = 122909434                              {pd product} {ergonomic}
    uintx ProfiledCodeHeapSize                     = 122909434                              {pd product} {ergonomic}
    uintx ReservedCodeCacheSize                    = 251658240                              {pd product} {ergonomic}
     bool SegmentedCodeCache                       = true                                      {product} {ergonomic}
     bool ShowCodeDetailsInExceptionMessages       = true                                   {manageable} {command line}
   size_t SoftMaxHeapSize                          = 5314183168                             {manageable} {ergonomic}
     bool UseCompressedClassPointers               = true                           {product lp64_product} {ergonomic}
     bool UseCompressedOops                        = true                           {product lp64_product} {ergonomic}
     bool UseG1GC                                  = true                                      {product} {ergonomic}
     bool UseLargePagesIndividualAllocation        = false                                  {pd product} {ergonomic}

Logging:
Log output configuration:
 #0: stdout all=warning uptime,level,tags
 #1: stderr all=off uptime,level,tags

Environment Variables:
PATH=C:/Users/usiva/.p2/pool/plugins/org.eclipse.justj.openjdk.hotspot.jre.full.win32.x86_64_17.0.9.v20231028-0858/jre/bin/server;C:/Users/usiva/.p2/pool/plugins/org.eclipse.justj.openjdk.hotspot.jre.full.win32.x86_64_17.0.9.v20231028-0858/jre/bin;C:\Program Files\Common Files\Oracle\Java\javapath;C:\Windows\system32;C:\Windows;C:\Windows\System32\Wbem;C:\Windows\System32\WindowsPowerShell\v1.0\;C:\Windows\System32\OpenSSH\;C:\Users\usiva\AppData\Local\Programs\Python\Python312;C:\Users\usiva\AppData\Local\Programs\Python\Python312\Scripts;C:\Program Files\MySQL\MySQL Server 8.0\bin;C:\Program Files\Java\jdk-21\bin;C:\Program Files\Git\cmd;C:\Program Files\nodejs\;C:\ProgramData\chocolatey\bin;C:\Program Files\MySQL\MySQL Shell 8.0\bin\;C:\Users\usiva\AppData\Local\Programs\Python\Launcher\;C:\Users\usiva\AppData\Local\Microsoft\WindowsApps;C:\Users\usiva\AppData\Local\Programs\Microsoft VS Code\bin;C:\Users\usiva\AppData\Roaming\npm;C:\Windows\system32;
USERNAME=usiva
OS=Windows_NT
PROCESSOR_IDENTIFIER=Intel64 Family 6 Model 140 Stepping 1, GenuineIntel
TMP=C:\Users\usiva\AppData\Local\Temp
TEMP=C:\Users\usiva\AppData\Local\Temp



Periodic native trim disabled


---------------  S Y S T E M  ---------------

OS:
 Windows 11 , 64 bit Build 22621 (10.0.22621.3527)
OS uptime: 4 days 2:34 hours
Hyper-V role detected

CPU: total 8 (initial active 8) (4 cores per cpu, 2 threads per core) family 6 model 140 stepping 1 microcode 0xa6, cx8, cmov, fxsr, ht, mmx, 3dnowpref, sse, sse2, sse3, ssse3, sse4.1, sse4.2, popcnt, lzcnt, tsc, tscinvbit, avx, avx2, aes, erms, clmul, bmi1, bmi2, adx, avx512f, avx512dq, avx512cd, avx512bw, avx512vl, sha, fma, vzeroupper, avx512_vpopcntdq, avx512_vpclmulqdq, avx512_vaes, avx512_vnni, clflush, clflushopt, clwb, avx512_vbmi2, avx512_vbmi, hv
Processor Information for processor 0
  Max Mhz: 2419, Current Mhz: 1209, Mhz Limit: 2419
Processor Information for processor 1
  Max Mhz: 2419, Current Mhz: 2419, Mhz Limit: 2419
Processor Information for processor 2
  Max Mhz: 2419, Current Mhz: 2419, Mhz Limit: 2419
Processor Information for processor 3
  Max Mhz: 2419, Current Mhz: 2419, Mhz Limit: 2419
Processor Information for processor 4
  Max Mhz: 2419, Current Mhz: 1209, Mhz Limit: 2419
Processor Information for processor 5
  Max Mhz: 2419, Current Mhz: 2419, Mhz Limit: 2419
Processor Information for processor 6
  Max Mhz: 2419, Current Mhz: 2419, Mhz Limit: 2419
Processor Information for processor 7
  Max Mhz: 2419, Current Mhz: 2419, Mhz Limit: 2419

Memory: 4k page, system-wide physical 20263M (667M free)
TotalPageFile size 81151M (AvailPageFile size 95M)
current process WorkingSet (physical memory assigned to process): 11M, peak: 11M
current process commit charge ("private bytes"): 60M, peak: 380M

vm_info: OpenJDK 64-Bit Server VM (17.0.9+9) for windows-amd64 JRE (17.0.9+9), built on Oct 26 2023 14:01:42 by "admin" with MS VC++ 16.10 / 16.11 (VS2019)

END.
